<?xml version="1.0" encoding="UTF-8"?>
<!-- Generated by org.testng.reporters.JUnitReportReporter -->
<testsuite hostname="DESKTOP-8C0LO3K" failures="0" tests="2" name="learnTestNG.WebTesting" time="0.008" errors="0" timestamp="2025-01-20T20:25:28 IST" skipped="0">
  <testcase classname="learnTestNG.WebTesting" name="myFirstWebTest" time="0.006"/>
  <testcase classname="learnTestNG.WebTesting" name="mySecondWebTest" time="0.002"/>
</testsuite> <!-- learnTestNG.WebTesting -->
